Using pre-set license
Built from '2021.2/staging' branch; Version is '2021.2.1f1 (c20c6d589440) revision 12717165'; Using compiler version '192829333'; Build Type 'Release'
OS: 'Windows 10 Home; OS build 19044.1706; Version 2009; 64bit' Language: 'en' Physical Memory: 32160 MB
BatchMode: 1, IsHumanControllingUs: 0, StartBugReporterOnCrash: 0, Is64bit: 1, IsPro: 0

COMMAND LINE ARGUMENTS:
C:\Program Files\Unity\Hub\Editor\2021.2.1f1\Editor\Unity.exe
-adb2
-batchMode
-noUpm
-name
AssetImportWorker2
-projectPath
C:/Users/preus/Documents/custHOMEize Aggregation Files/CustHomize_Aggregator
-logFile
Logs/AssetImportWorker2.log
-srvPort
51592
Successfully changed project path to: C:/Users/preus/Documents/custHOMEize Aggregation Files/CustHomize_Aggregator
C:/Users/preus/Documents/custHOMEize Aggregation Files/CustHomize_Aggregator
[UnityMemory] Configuration Parameters - Can be set up in boot.config
    "memorysetup-bucket-allocator-granularity=16"
    "memorysetup-bucket-allocator-bucket-count=8"
    "memorysetup-bucket-allocator-block-size=33554432"
    "memorysetup-bucket-allocator-block-count=8"
    "memorysetup-main-allocator-block-size=16777216"
    "memorysetup-thread-allocator-block-size=16777216"
    "memorysetup-gfx-main-allocator-block-size=16777216"
    "memorysetup-gfx-thread-allocator-block-size=16777216"
    "memorysetup-cache-allocator-block-size=4194304"
    "memorysetup-typetree-allocator-block-size=2097152"
    "memorysetup-profiler-bucket-allocator-granularity=16"
    "memorysetup-profiler-bucket-allocator-bucket-count=8"
    "memorysetup-profiler-bucket-allocator-block-size=33554432"
    "memorysetup-profiler-bucket-allocator-block-count=8"
    "memorysetup-profiler-allocator-block-size=16777216"
    "memorysetup-profiler-editor-allocator-block-size=1048576"
    "memorysetup-temp-allocator-size-main=16777216"
    "memorysetup-job-temp-allocator-block-size=2097152"
    "memorysetup-job-temp-allocator-block-size-background=1048576"
    "memorysetup-job-temp-allocator-reduction-small-platforms=262144"
    "memorysetup-temp-allocator-size-background-worker=32768"
    "memorysetup-temp-allocator-size-job-worker=262144"
    "memorysetup-temp-allocator-size-preload-manager=33554432"
    "memorysetup-temp-allocator-size-nav-mesh-worker=65536"
    "memorysetup-temp-allocator-size-audio-worker=65536"
    "memorysetup-temp-allocator-size-cloud-worker=32768"
    "memorysetup-temp-allocator-size-gi-baking-worker=262144"
    "memorysetup-temp-allocator-size-gfx=262144"
Refreshing native plugins compatible for Editor in 102.61 ms, found 3 plugins.
Preloading 0 native plugins for Editor in 0.00 ms.
Initialize engine version: 2021.2.1f1 (c20c6d589440)
[Subsystems] Discovering subsystems at path C:/Program Files/Unity/Hub/Editor/2021.2.1f1/Editor/Data/Resources/UnitySubsystems
[Subsystems] Discovering subsystems at path C:/Users/preus/Documents/custHOMEize Aggregation Files/CustHomize_Aggregator/Assets
GfxDevice: creating device client; threaded=0; jobified=0
Direct3D:
    Version:  Direct3D 11.0 [level 11.1]
    Renderer: NVIDIA GeForce RTX 3060 Laptop GPU (ID=0x2520)
    Vendor:   NVIDIA
    VRAM:     6023 MB
    Driver:   30.0.15.1179
Initialize mono
Mono path[0] = 'C:/Program Files/Unity/Hub/Editor/2021.2.1f1/Editor/Data/Managed'
Mono path[1] = 'C:/Program Files/Unity/Hub/Editor/2021.2.1f1/Editor/Data/MonoBleedingEdge/lib/mono/unityjit-win32'
Mono config path = 'C:/Program Files/Unity/Hub/Editor/2021.2.1f1/Editor/Data/MonoBleedingEdge/etc'
Using monoOptions --debugger-agent=transport=dt_socket,embedding=1,server=y,suspend=n,address=127.0.0.1:56972
Begin MonoManager ReloadAssembly
Registering precompiled unity dll's ...
Register platform support module: C:/Program Files/Unity/Hub/Editor/2021.2.1f1/Editor/Data/PlaybackEngines/WindowsStandaloneSupport/UnityEditor.WindowsStandalone.Extensions.dll
Registered in 0.091656 seconds.
Native extension for WindowsStandalone target not found
Refreshing native plugins compatible for Editor in 56.12 ms, found 3 plugins.
Preloading 0 native plugins for Editor in 0.00 ms.
Mono: successfully reloaded assembly
- Completed reload, in  3.594 seconds
Domain Reload Profiling:
	ReloadAssembly (3595ms)
		BeginReloadAssembly (2509ms)
			ExecutionOrderSort (0ms)
			DisableScriptedObjects (0ms)
			BackupInstance (0ms)
			ReleaseScriptingObjects (0ms)
			CreateAndSetChildDomain (1ms)
		EndReloadAssembly (601ms)
			LoadAssemblies (2507ms)
			RebuildTransferFunctionScriptingTraits (0ms)
			SetupTypeCache (317ms)
			ReleaseScriptCaches (0ms)
			RebuildScriptCaches (23ms)
			SetupLoadedEditorAssemblies (220ms)
				LogAssemblyErrors (0ms)
				InitializePlatformSupportModulesInManaged (7ms)
				SetLoadedEditorAssemblies (0ms)
				RefreshPlugins (56ms)
				BeforeProcessingInitializeOnLoad (1ms)
				ProcessInitializeOnLoadAttributes (114ms)
				ProcessInitializeOnLoadMethodAttributes (42ms)
				AfterProcessingInitializeOnLoad (0ms)
				EditorAssembliesLoaded (0ms)
			ExecutionOrderSort2 (0ms)
			AwakeInstancesAfterBackupRestoration (0ms)
Platform modules already initialized, skipping
Registering precompiled user dll's ...
Registered in 0.003461 seconds.
Begin MonoManager ReloadAssembly
Symbol file LoadedFromMemory doesn't match image C:\Users\preus\Documents\custHOMEize Aggregation Files\CustHomize_Aggregator\Library\PackageCache\com.unity.visualscripting@1.7.6\Editor\VisualScripting.Core\Dependencies\YamlDotNet\Unity.VisualScripting.YamlDotNet.dll
Symbol file LoadedFromMemory doesn't match image C:\Users\preus\Documents\custHOMEize Aggregation Files\CustHomize_Aggregator\Library\PackageCache\com.unity.visualscripting@1.7.6\Editor\VisualScripting.Core\Dependencies\DotNetZip\Unity.VisualScripting.IonicZip.dll
Native extension for WindowsStandalone target not found
Refreshing native plugins compatible for Editor in 55.16 ms, found 3 plugins.
Preloading 0 native plugins for Editor in 0.00 ms.
Mono: successfully reloaded assembly
- Completed reload, in  3.153 seconds
Domain Reload Profiling:
	ReloadAssembly (3154ms)
		BeginReloadAssembly (125ms)
			ExecutionOrderSort (0ms)
			DisableScriptedObjects (5ms)
			BackupInstance (0ms)
			ReleaseScriptingObjects (0ms)
			CreateAndSetChildDomain (17ms)
		EndReloadAssembly (2921ms)
			LoadAssemblies (1453ms)
			RebuildTransferFunctionScriptingTraits (0ms)
			SetupTypeCache (369ms)
			ReleaseScriptCaches (1ms)
			RebuildScriptCaches (35ms)
			SetupLoadedEditorAssemblies (991ms)
				LogAssemblyErrors (0ms)
				InitializePlatformSupportModulesInManaged (10ms)
				SetLoadedEditorAssemblies (0ms)
				RefreshPlugins (55ms)
				BeforeProcessingInitializeOnLoad (62ms)
				ProcessInitializeOnLoadAttributes (271ms)
				ProcessInitializeOnLoadMethodAttributes (585ms)
				AfterProcessingInitializeOnLoad (8ms)
				EditorAssembliesLoaded (0ms)
			ExecutionOrderSort2 (0ms)
			AwakeInstancesAfterBackupRestoration (4ms)
Platform modules already initialized, skipping
========================================================================
Worker process is ready to serve import requests
Launched and connected shader compiler UnityShaderCompiler.exe after 0.07 seconds
Refreshing native plugins compatible for Editor in 0.55 ms, found 3 plugins.
Preloading 0 native plugins for Editor in 0.00 ms.
Unloading 3455 Unused Serialized files (Serialized files now loaded: 0)
Unloading 23 unused Assets / (55.4 KB). Loaded Objects now: 3918.
Memory consumption went from 124.7 MB to 124.6 MB.
Total: 2.665800 ms (FindLiveObjects: 0.223800 ms CreateObjectMapping: 0.090400 ms MarkObjects: 2.284100 ms  DeleteObjects: 0.066400 ms)

AssetImportParameters requested are different than current active one (requested -> active):
  custom:video-decoder-ogg-theora: a1e56fd34408186e4bbccfd4996cb3dc -> 
  custom:container-muxer-webm: aa71ff27fc2769a1b78a27578f13a17b -> 
  custom:container-demuxer-webm: 4f35f7cbe854078d1ac9338744f61a02 -> 
  custom:video-encoder-webm-vp8: eb34c28f22e8b96e1ab97ce403110664 -> 
  custom:video-codec-MediaFoundation-h265: 746d11721c4dcdbdad8f713fa42b33f4 -> 
  custom:audio-encoder-webm-vorbis: bf7c407c2cedff20999df2af8eb42d56 -> 
  custom:framework-win-MediaFoundation: 216162199b28c13a410421893ffa2e32 -> 
  custom:SearchIndexIgnoredProperties: e643bd26f0fe6173181afceb89e7c659 -> 
  custom:container-demuxer-ogg: 62fdf1f143b41e24485cea50d1cbac27 -> 
  custom:video-decoder-webm-vp8: 9c59270c3fd7afecdb556c50c9e8de78 -> 
  custom:audio-decoder-ogg-vorbis: bf7c407c2cedff20999df2af8eb42d56 -> 
========================================================================
Received Import Request.
  Time since last request: 40507.123130 seconds.
  path: Assets/Resources/Prefabs/PrefabPatternD.prefab
  artifactKey: Guid(8990833d57eba1b4eb422d27f2a9801c) Importer(815301076,1909f56bfc062723c751e8b465ee728b)
Start importing Assets/Resources/Prefabs/PrefabPatternD.prefab using Guid(8990833d57eba1b4eb422d27f2a9801c) Importer(815301076,1909f56bfc062723c751e8b465ee728b)  -> (artifact id: '7c88d3d8b425b8dac10e07e496134e0e') in 0.092497 seconds 
========================================================================
Received Import Request.
  Time since last request: 30.491522 seconds.
  path: Assets/Resources/Prefabs/PrefabPatternD.prefab
  artifactKey: Guid(8990833d57eba1b4eb422d27f2a9801c) Importer(2089858483,934ff659095e30574adcf32a4c2f97b5)
Start importing Assets/Resources/Prefabs/PrefabPatternD.prefab using Guid(8990833d57eba1b4eb422d27f2a9801c) Importer(2089858483,934ff659095e30574adcf32a4c2f97b5) Generated GUIDs only implemented for interfaces!
 -> (artifact id: '6520acf01b2962d97e64d18f456c9581') in 0.057160 seconds 
========================================================================
Received Import Request.
  Time since last request: 7.667037 seconds.
  path: Assets/Resources/Prefabs/PrefabPatternD.prefab
  artifactKey: Guid(8990833d57eba1b4eb422d27f2a9801c) Importer(2089858483,934ff659095e30574adcf32a4c2f97b5)
Start importing Assets/Resources/Prefabs/PrefabPatternD.prefab using Guid(8990833d57eba1b4eb422d27f2a9801c) Importer(2089858483,934ff659095e30574adcf32a4c2f97b5) Generated GUIDs only implemented for interfaces!
 -> (artifact id: 'd532cc0f37a8527f75935ba6d2bbec53') in 0.013713 seconds 
========================================================================
Received Import Request.
  Time since last request: 3.422483 seconds.
  path: Assets/Resources/Prefabs/PrefabPatternD.prefab
  artifactKey: Guid(8990833d57eba1b4eb422d27f2a9801c) Importer(2089858483,934ff659095e30574adcf32a4c2f97b5)
Start importing Assets/Resources/Prefabs/PrefabPatternD.prefab using Guid(8990833d57eba1b4eb422d27f2a9801c) Importer(2089858483,934ff659095e30574adcf32a4c2f97b5) Generated GUIDs only implemented for interfaces!
 -> (artifact id: '3fe77ce469ef549b3a2af41c371bede8') in 0.008906 seconds 
========================================================================
Received Import Request.
  Time since last request: 4.615228 seconds.
  path: Assets/Resources/Prefabs/PrefabPatternD.prefab
  artifactKey: Guid(8990833d57eba1b4eb422d27f2a9801c) Importer(2089858483,934ff659095e30574adcf32a4c2f97b5)
Start importing Assets/Resources/Prefabs/PrefabPatternD.prefab using Guid(8990833d57eba1b4eb422d27f2a9801c) Importer(2089858483,934ff659095e30574adcf32a4c2f97b5) Generated GUIDs only implemented for interfaces!
 -> (artifact id: '98959c909a00e8ecd00bdf3e12296f99') in 0.012266 seconds 
========================================================================
Received Import Request.
  Time since last request: 12.363406 seconds.
  path: Assets/Resources/Prefabs/PrefabPatternD.prefab
  artifactKey: Guid(8990833d57eba1b4eb422d27f2a9801c) Importer(2089858483,934ff659095e30574adcf32a4c2f97b5)
Start importing Assets/Resources/Prefabs/PrefabPatternD.prefab using Guid(8990833d57eba1b4eb422d27f2a9801c) Importer(2089858483,934ff659095e30574adcf32a4c2f97b5) Generated GUIDs only implemented for interfaces!
 -> (artifact id: '99651ec40a735da8e9a4c12ee9bc6a73') in 0.010082 seconds 
========================================================================
Received Import Request.
  Time since last request: 29.434428 seconds.
  path: Assets/Resources/Prefabs/PrefabPatternD.prefab
  artifactKey: Guid(8990833d57eba1b4eb422d27f2a9801c) Importer(815301076,1909f56bfc062723c751e8b465ee728b)
Start importing Assets/Resources/Prefabs/PrefabPatternD.prefab using Guid(8990833d57eba1b4eb422d27f2a9801c) Importer(815301076,1909f56bfc062723c751e8b465ee728b)  -> (artifact id: '0758e2f2007640558ad672365bb3b46d') in 0.013292 seconds 
========================================================================
Received Import Request.
  Time since last request: 1.267065 seconds.
  path: Assets/Resources/Prefabs/PrefabPatternE.prefab
  artifactKey: Guid(30c429f78b9095446a03fb3f721272db) Importer(815301076,1909f56bfc062723c751e8b465ee728b)
Start importing Assets/Resources/Prefabs/PrefabPatternE.prefab using Guid(30c429f78b9095446a03fb3f721272db) Importer(815301076,1909f56bfc062723c751e8b465ee728b)  -> (artifact id: '0bf832ac28de9076c0329972e67a0bf4') in 0.012109 seconds 
========================================================================
Received Import Request.
  Time since last request: 4.849482 seconds.
  path: Assets/Resources/Prefabs/PrefabPatternE.prefab
  artifactKey: Guid(30c429f78b9095446a03fb3f721272db) Importer(2089858483,934ff659095e30574adcf32a4c2f97b5)
Start importing Assets/Resources/Prefabs/PrefabPatternE.prefab using Guid(30c429f78b9095446a03fb3f721272db) Importer(2089858483,934ff659095e30574adcf32a4c2f97b5) Generated GUIDs only implemented for interfaces!
 -> (artifact id: '8e9ce98e47553b52b6fb69a68856e9f4') in 0.009433 seconds 
========================================================================
Received Import Request.
  Time since last request: 11.903769 seconds.
  path: Assets/Resources/Prefabs/PrefabPatternE.prefab
  artifactKey: Guid(30c429f78b9095446a03fb3f721272db) Importer(2089858483,934ff659095e30574adcf32a4c2f97b5)
Start importing Assets/Resources/Prefabs/PrefabPatternE.prefab using Guid(30c429f78b9095446a03fb3f721272db) Importer(2089858483,934ff659095e30574adcf32a4c2f97b5) Generated GUIDs only implemented for interfaces!
 -> (artifact id: 'ff92c8c6bb1f2155babc1a9301bbeaa3') in 0.008600 seconds 
========================================================================
Received Import Request.
  Time since last request: 1.995133 seconds.
  path: Assets/Resources/Prefabs/PrefabPatternF.prefab
  artifactKey: Guid(3aa82a831eaa24f4d8133496b111871f) Importer(815301076,1909f56bfc062723c751e8b465ee728b)
Start importing Assets/Resources/Prefabs/PrefabPatternF.prefab using Guid(3aa82a831eaa24f4d8133496b111871f) Importer(815301076,1909f56bfc062723c751e8b465ee728b)  -> (artifact id: 'cc15ad49845366517f37a0cf33d99a45') in 0.013769 seconds 
========================================================================
Received Import Request.
  Time since last request: 3.815899 seconds.
  path: Assets/Resources/Prefabs/PrefabPatternF.prefab
  artifactKey: Guid(3aa82a831eaa24f4d8133496b111871f) Importer(2089858483,934ff659095e30574adcf32a4c2f97b5)
Start importing Assets/Resources/Prefabs/PrefabPatternF.prefab using Guid(3aa82a831eaa24f4d8133496b111871f) Importer(2089858483,934ff659095e30574adcf32a4c2f97b5) Generated GUIDs only implemented for interfaces!
 -> (artifact id: '729e4df61ad00ddc2e7bf9089b28cbfe') in 0.008168 seconds 
========================================================================
Received Import Request.
  Time since last request: 10.026722 seconds.
  path: Assets/Resources/Prefabs/PrefabPatternF.prefab
  artifactKey: Guid(3aa82a831eaa24f4d8133496b111871f) Importer(2089858483,934ff659095e30574adcf32a4c2f97b5)
Start importing Assets/Resources/Prefabs/PrefabPatternF.prefab using Guid(3aa82a831eaa24f4d8133496b111871f) Importer(2089858483,934ff659095e30574adcf32a4c2f97b5) Generated GUIDs only implemented for interfaces!
 -> (artifact id: 'adee3ffc37d88225290ac9cf0bcae8d5') in 0.007667 seconds 
========================================================================
Received Import Request.
  Time since last request: 9.390874 seconds.
  path: Assets/Resources/Prefabs/PrefabPatternF.prefab
  artifactKey: Guid(3aa82a831eaa24f4d8133496b111871f) Importer(2089858483,934ff659095e30574adcf32a4c2f97b5)
Start importing Assets/Resources/Prefabs/PrefabPatternF.prefab using Guid(3aa82a831eaa24f4d8133496b111871f) Importer(2089858483,934ff659095e30574adcf32a4c2f97b5) Generated GUIDs only implemented for interfaces!
 -> (artifact id: '8f924387db6a594e7818fbc34d5c6ce0') in 0.008714 seconds 
========================================================================
Received Import Request.
  Time since last request: 7.172201 seconds.
  path: Assets/Resources/Prefabs/PrefabPatternE.prefab
  artifactKey: Guid(30c429f78b9095446a03fb3f721272db) Importer(815301076,1909f56bfc062723c751e8b465ee728b)
Start importing Assets/Resources/Prefabs/PrefabPatternE.prefab using Guid(30c429f78b9095446a03fb3f721272db) Importer(815301076,1909f56bfc062723c751e8b465ee728b)  -> (artifact id: '951ddde894bb5337f7eda4b053f745bf') in 0.012577 seconds 
========================================================================
Received Import Request.
  Time since last request: 4.955564 seconds.
  path: Assets/Resources/Prefabs/PrefabPatternE.prefab
  artifactKey: Guid(30c429f78b9095446a03fb3f721272db) Importer(2089858483,934ff659095e30574adcf32a4c2f97b5)
Start importing Assets/Resources/Prefabs/PrefabPatternE.prefab using Guid(30c429f78b9095446a03fb3f721272db) Importer(2089858483,934ff659095e30574adcf32a4c2f97b5) Generated GUIDs only implemented for interfaces!
 -> (artifact id: '73ca6dff2a852e296e87f95173b7d72d') in 0.007189 seconds 
========================================================================
Received Import Request.
  Time since last request: 42.191708 seconds.
  path: Assets/Resources/Prefabs/PrefabPatternD.prefab
  artifactKey: Guid(8990833d57eba1b4eb422d27f2a9801c) Importer(2089858483,934ff659095e30574adcf32a4c2f97b5)
Start importing Assets/Resources/Prefabs/PrefabPatternD.prefab using Guid(8990833d57eba1b4eb422d27f2a9801c) Importer(2089858483,934ff659095e30574adcf32a4c2f97b5) Generated GUIDs only implemented for interfaces!
 -> (artifact id: 'ab52005aef84b956fd9c20b346348c70') in 0.010660 seconds 
========================================================================
Received Import Request.
  Time since last request: 5.030068 seconds.
  path: Assets/Resources/Prefabs/PrefabPatternE.prefab
  artifactKey: Guid(30c429f78b9095446a03fb3f721272db) Importer(815301076,1909f56bfc062723c751e8b465ee728b)
Start importing Assets/Resources/Prefabs/PrefabPatternE.prefab using Guid(30c429f78b9095446a03fb3f721272db) Importer(815301076,1909f56bfc062723c751e8b465ee728b)  -> (artifact id: 'b71217ef53c2e72474a1de7cd4310b80') in 0.008709 seconds 
========================================================================
Received Import Request.
  Time since last request: 3.006332 seconds.
  path: Assets/Resources/Prefabs/PrefabPatternF.prefab
  artifactKey: Guid(3aa82a831eaa24f4d8133496b111871f) Importer(815301076,1909f56bfc062723c751e8b465ee728b)
Start importing Assets/Resources/Prefabs/PrefabPatternF.prefab using Guid(3aa82a831eaa24f4d8133496b111871f) Importer(815301076,1909f56bfc062723c751e8b465ee728b)  -> (artifact id: 'a0d6dc984c8e242582d248372f852ce2') in 0.011658 seconds 
========================================================================
Received Import Request.
  Time since last request: 3.698783 seconds.
  path: Assets/Resources/Prefabs/PrefabPatternG.prefab
  artifactKey: Guid(2e12465d10dd39940bf3848aef949e41) Importer(815301076,1909f56bfc062723c751e8b465ee728b)
Start importing Assets/Resources/Prefabs/PrefabPatternG.prefab using Guid(2e12465d10dd39940bf3848aef949e41) Importer(815301076,1909f56bfc062723c751e8b465ee728b)  -> (artifact id: '18f4d90c9bd06babd610ef94f84be9e8') in 0.012209 seconds 
========================================================================
Received Import Request.
  Time since last request: 20.802112 seconds.
  path: Assets/Resources/Prefabs/PrefabPatternG.prefab
  artifactKey: Guid(2e12465d10dd39940bf3848aef949e41) Importer(2089858483,934ff659095e30574adcf32a4c2f97b5)
Start importing Assets/Resources/Prefabs/PrefabPatternG.prefab using Guid(2e12465d10dd39940bf3848aef949e41) Importer(2089858483,934ff659095e30574adcf32a4c2f97b5) Generated GUIDs only implemented for interfaces!
 -> (artifact id: 'be8dfdfba33493942430dec0539afb83') in 0.008779 seconds 
========================================================================
Received Import Request.
  Time since last request: 11.905047 seconds.
  path: Assets/Resources/Prefabs/PrefabPatternG.prefab
  artifactKey: Guid(2e12465d10dd39940bf3848aef949e41) Importer(2089858483,934ff659095e30574adcf32a4c2f97b5)
Start importing Assets/Resources/Prefabs/PrefabPatternG.prefab using Guid(2e12465d10dd39940bf3848aef949e41) Importer(2089858483,934ff659095e30574adcf32a4c2f97b5) Generated GUIDs only implemented for interfaces!
 -> (artifact id: '258a3834ff719bf0d05df2d21b238fe7') in 0.010765 seconds 
========================================================================
Received Import Request.
  Time since last request: 18.877031 seconds.
  path: Assets/Resources/Prefabs/PrefabPatternG.prefab
  artifactKey: Guid(2e12465d10dd39940bf3848aef949e41) Importer(2089858483,934ff659095e30574adcf32a4c2f97b5)
Start importing Assets/Resources/Prefabs/PrefabPatternG.prefab using Guid(2e12465d10dd39940bf3848aef949e41) Importer(2089858483,934ff659095e30574adcf32a4c2f97b5) Generated GUIDs only implemented for interfaces!
 -> (artifact id: 'f07dd38032d80d96eed530a364d154e7') in 0.007553 seconds 
========================================================================
Received Import Request.
  Time since last request: 5.435950 seconds.
  path: Assets/Resources/Prefabs/PrefabPatternG.prefab
  artifactKey: Guid(2e12465d10dd39940bf3848aef949e41) Importer(2089858483,934ff659095e30574adcf32a4c2f97b5)
Start importing Assets/Resources/Prefabs/PrefabPatternG.prefab using Guid(2e12465d10dd39940bf3848aef949e41) Importer(2089858483,934ff659095e30574adcf32a4c2f97b5) Generated GUIDs only implemented for interfaces!
 -> (artifact id: '4ed43db584105408396eb61c5d0d0256') in 0.010762 seconds 
========================================================================
Received Import Request.
  Time since last request: 8.242578 seconds.
  path: Assets/Resources/Prefabs/PrefabPatternH.prefab
  artifactKey: Guid(c92cabafd79d081448fddc33cc4ae111) Importer(815301076,1909f56bfc062723c751e8b465ee728b)
Start importing Assets/Resources/Prefabs/PrefabPatternH.prefab using Guid(c92cabafd79d081448fddc33cc4ae111) Importer(815301076,1909f56bfc062723c751e8b465ee728b)  -> (artifact id: '79ce1d5ab9c2de5e64c4566dfd737ad2') in 0.012091 seconds 
========================================================================
Received Import Request.
  Time since last request: 6.440955 seconds.
  path: Assets/Resources/Prefabs/PrefabPatternH.prefab
  artifactKey: Guid(c92cabafd79d081448fddc33cc4ae111) Importer(2089858483,934ff659095e30574adcf32a4c2f97b5)
Start importing Assets/Resources/Prefabs/PrefabPatternH.prefab using Guid(c92cabafd79d081448fddc33cc4ae111) Importer(2089858483,934ff659095e30574adcf32a4c2f97b5) Generated GUIDs only implemented for interfaces!
 -> (artifact id: 'ae9b805ca5024b8f10f2d5ed78cbc2f1') in 0.008051 seconds 
========================================================================
Received Import Request.
  Time since last request: 3.513185 seconds.
  path: Assets/Resources/Prefabs/PrefabPatternI.prefab
  artifactKey: Guid(86d4e5cbcefea6d4d9515560ec234f46) Importer(815301076,1909f56bfc062723c751e8b465ee728b)
Start importing Assets/Resources/Prefabs/PrefabPatternI.prefab using Guid(86d4e5cbcefea6d4d9515560ec234f46) Importer(815301076,1909f56bfc062723c751e8b465ee728b)  -> (artifact id: '54a07966d6c4eea6de8f55a719f1482e') in 0.013194 seconds 
========================================================================
Received Import Request.
  Time since last request: 3.107330 seconds.
  path: Assets/Resources/Prefabs/PrefabPatternI.prefab
  artifactKey: Guid(86d4e5cbcefea6d4d9515560ec234f46) Importer(2089858483,934ff659095e30574adcf32a4c2f97b5)
Start importing Assets/Resources/Prefabs/PrefabPatternI.prefab using Guid(86d4e5cbcefea6d4d9515560ec234f46) Importer(2089858483,934ff659095e30574adcf32a4c2f97b5) Generated GUIDs only implemented for interfaces!
 -> (artifact id: '1d00de3636391d694133c4fbb07dc18a') in 0.011251 seconds 
========================================================================
Received Import Request.
  Time since last request: 10.001154 seconds.
  path: Assets/Resources/Prefabs/PrefabPatternI.prefab
  artifactKey: Guid(86d4e5cbcefea6d4d9515560ec234f46) Importer(2089858483,934ff659095e30574adcf32a4c2f97b5)
Start importing Assets/Resources/Prefabs/PrefabPatternI.prefab using Guid(86d4e5cbcefea6d4d9515560ec234f46) Importer(2089858483,934ff659095e30574adcf32a4c2f97b5) Generated GUIDs only implemented for interfaces!
 -> (artifact id: '06c660c4ef39cd5692c003b4d2b8624d') in 0.008166 seconds 
========================================================================
Received Import Request.
  Time since last request: 4.437520 seconds.
  path: Assets/Resources/Prefabs/PrefabPatternJ.prefab
  artifactKey: Guid(1fce81915f1c806479aa54f93026d7bd) Importer(2089858483,934ff659095e30574adcf32a4c2f97b5)
Start importing Assets/Resources/Prefabs/PrefabPatternJ.prefab using Guid(1fce81915f1c806479aa54f93026d7bd) Importer(2089858483,934ff659095e30574adcf32a4c2f97b5) Generated GUIDs only implemented for interfaces!
 -> (artifact id: 'c6b4b5d78cf1741bd74e76bafac66dc8') in 0.011760 seconds 
========================================================================
Received Import Request.
  Time since last request: 12.577261 seconds.
  path: Assets/Resources/Prefabs/PrefabPatternJ.prefab
  artifactKey: Guid(1fce81915f1c806479aa54f93026d7bd) Importer(2089858483,934ff659095e30574adcf32a4c2f97b5)
Start importing Assets/Resources/Prefabs/PrefabPatternJ.prefab using Guid(1fce81915f1c806479aa54f93026d7bd) Importer(2089858483,934ff659095e30574adcf32a4c2f97b5) Generated GUIDs only implemented for interfaces!
 -> (artifact id: 'b2e415dd00248a3c6d5f91f705bd87a4') in 0.010925 seconds 
========================================================================
Received Import Request.
  Time since last request: 6.681946 seconds.
  path: Assets/Resources/Prefabs/PrefabPatternJ.prefab
  artifactKey: Guid(1fce81915f1c806479aa54f93026d7bd) Importer(2089858483,934ff659095e30574adcf32a4c2f97b5)
Start importing Assets/Resources/Prefabs/PrefabPatternJ.prefab using Guid(1fce81915f1c806479aa54f93026d7bd) Importer(2089858483,934ff659095e30574adcf32a4c2f97b5) Generated GUIDs only implemented for interfaces!
 -> (artifact id: 'efcd1bb3afab07e17e1d43ba074c87ec') in 0.011128 seconds 
========================================================================
Received Import Request.
  Time since last request: 12.346780 seconds.
  path: Assets/Resources/Prefabs/PrefabPatternJ.prefab
  artifactKey: Guid(1fce81915f1c806479aa54f93026d7bd) Importer(2089858483,934ff659095e30574adcf32a4c2f97b5)
Start importing Assets/Resources/Prefabs/PrefabPatternJ.prefab using Guid(1fce81915f1c806479aa54f93026d7bd) Importer(2089858483,934ff659095e30574adcf32a4c2f97b5) Generated GUIDs only implemented for interfaces!
 -> (artifact id: '9f513ec367df0a05b33ac4679da5b405') in 0.008772 seconds 
========================================================================
Received Import Request.
  Time since last request: 2.259270 seconds.
  path: Assets/Resources/Prefabs/PrefabPatternJ.prefab
  artifactKey: Guid(1fce81915f1c806479aa54f93026d7bd) Importer(2089858483,934ff659095e30574adcf32a4c2f97b5)
Start importing Assets/Resources/Prefabs/PrefabPatternJ.prefab using Guid(1fce81915f1c806479aa54f93026d7bd) Importer(2089858483,934ff659095e30574adcf32a4c2f97b5) Generated GUIDs only implemented for interfaces!
 -> (artifact id: 'e442bf625a4b832e6ace4b66f0584c8c') in 0.007701 seconds 
========================================================================
Received Import Request.
  Time since last request: 2.836480 seconds.
  path: Assets/Resources/Prefabs/PrefabPatternJ.prefab
  artifactKey: Guid(1fce81915f1c806479aa54f93026d7bd) Importer(2089858483,934ff659095e30574adcf32a4c2f97b5)
Start importing Assets/Resources/Prefabs/PrefabPatternJ.prefab using Guid(1fce81915f1c806479aa54f93026d7bd) Importer(2089858483,934ff659095e30574adcf32a4c2f97b5) Generated GUIDs only implemented for interfaces!
 -> (artifact id: '1eda26a7decd52c035e250f63b15e8a3') in 0.012977 seconds 
========================================================================
Received Import Request.
  Time since last request: 4.806424 seconds.
  path: Assets/Resources/Prefabs/PrefabPatternJ.prefab
  artifactKey: Guid(1fce81915f1c806479aa54f93026d7bd) Importer(815301076,1909f56bfc062723c751e8b465ee728b)
Start importing Assets/Resources/Prefabs/PrefabPatternJ.prefab using Guid(1fce81915f1c806479aa54f93026d7bd) Importer(815301076,1909f56bfc062723c751e8b465ee728b)  -> (artifact id: '0e945abe95fd312b9a9fc5f756e8bee2') in 0.012132 seconds 
========================================================================
Received Import Request.
  Time since last request: 9.679237 seconds.
  path: Assets/Resources/Prefabs/PrefabPatternL.prefab
  artifactKey: Guid(c730e77d301eab7439b4c9bfb3e1bf5e) Importer(815301076,1909f56bfc062723c751e8b465ee728b)
Start importing Assets/Resources/Prefabs/PrefabPatternL.prefab using Guid(c730e77d301eab7439b4c9bfb3e1bf5e) Importer(815301076,1909f56bfc062723c751e8b465ee728b)  -> (artifact id: '747c2094ceebe9c558a7708fba4727fc') in 0.012247 seconds 
========================================================================
Received Import Request.
  Time since last request: 3.173432 seconds.
  path: Assets/Resources/Prefabs/PrefabPatternK.prefab
  artifactKey: Guid(80f0f153be570f94399e07fca0259cdc) Importer(815301076,1909f56bfc062723c751e8b465ee728b)
Start importing Assets/Resources/Prefabs/PrefabPatternK.prefab using Guid(80f0f153be570f94399e07fca0259cdc) Importer(815301076,1909f56bfc062723c751e8b465ee728b)  -> (artifact id: '81dca5cd94a9e435aa2f476ae70e253f') in 0.012781 seconds 
========================================================================
Received Import Request.
  Time since last request: 14.740660 seconds.
  path: Assets/Resources/Prefabs/PrefabPatternK.prefab
  artifactKey: Guid(80f0f153be570f94399e07fca0259cdc) Importer(2089858483,934ff659095e30574adcf32a4c2f97b5)
Start importing Assets/Resources/Prefabs/PrefabPatternK.prefab using Guid(80f0f153be570f94399e07fca0259cdc) Importer(2089858483,934ff659095e30574adcf32a4c2f97b5) Generated GUIDs only implemented for interfaces!
 -> (artifact id: '47ecf6b9e4b5cbb0090b568a20508977') in 0.007840 seconds 
========================================================================
Received Import Request.
  Time since last request: 2.405170 seconds.
  path: Assets/Resources/Prefabs/PrefabPatternL.prefab
  artifactKey: Guid(c730e77d301eab7439b4c9bfb3e1bf5e) Importer(2089858483,934ff659095e30574adcf32a4c2f97b5)
Start importing Assets/Resources/Prefabs/PrefabPatternL.prefab using Guid(c730e77d301eab7439b4c9bfb3e1bf5e) Importer(2089858483,934ff659095e30574adcf32a4c2f97b5) Generated GUIDs only implemented for interfaces!
 -> (artifact id: 'ea5c7f018c335c8f1d7085e087e6350b') in 0.009006 seconds 
========================================================================
Received Import Request.
  Time since last request: 37.014067 seconds.
  path: Assets/Scripts/Managers/Connection.cs
  artifactKey: Guid(b833e525bba94e04fb32206396c90fd7) Importer(815301076,1909f56bfc062723c751e8b465ee728b)
Start importing Assets/Scripts/Managers/Connection.cs using Guid(b833e525bba94e04fb32206396c90fd7) Importer(815301076,1909f56bfc062723c751e8b465ee728b)  -> (artifact id: 'c2d2ace8d37653736fc4f2549f8b7fa8') in 0.008548 seconds 
========================================================================
Received Import Request.
  Time since last request: 29.137842 seconds.
  path: Assets/Scripts/Managers/ConstraintSolver.cs
  artifactKey: Guid(7f7c2c0e45819a544b15e7e92848e156) Importer(815301076,1909f56bfc062723c751e8b465ee728b)
Start importing Assets/Scripts/Managers/ConstraintSolver.cs using Guid(7f7c2c0e45819a544b15e7e92848e156) Importer(815301076,1909f56bfc062723c751e8b465ee728b)  -> (artifact id: '9b253bf51ce3663b3aad9113a28fbcf8') in 0.006306 seconds 
========================================================================
Received Import Request.
  Time since last request: 98.509581 seconds.
  path: Assets/Resources/Prefabs/PrefabPatternA.prefab
  artifactKey: Guid(84ad8e849c577da4cbd580c87e07a68d) Importer(2089858483,934ff659095e30574adcf32a4c2f97b5)
Start importing Assets/Resources/Prefabs/PrefabPatternA.prefab using Guid(84ad8e849c577da4cbd580c87e07a68d) Importer(2089858483,934ff659095e30574adcf32a4c2f97b5) Generated GUIDs only implemented for interfaces!
 -> (artifact id: 'a5fece8bf9a525c3e6f1473ec60d4f42') in 0.008419 seconds 
========================================================================
Received Import Request.
  Time since last request: 5.001921 seconds.
  path: Assets/Resources/Prefabs/PrefabPatternA.prefab
  artifactKey: Guid(84ad8e849c577da4cbd580c87e07a68d) Importer(2089858483,934ff659095e30574adcf32a4c2f97b5)
Start importing Assets/Resources/Prefabs/PrefabPatternA.prefab using Guid(84ad8e849c577da4cbd580c87e07a68d) Importer(2089858483,934ff659095e30574adcf32a4c2f97b5) Generated GUIDs only implemented for interfaces!
 -> (artifact id: 'd14520fc0c555e009e33db912f2f685d') in 0.008183 seconds 
========================================================================
Received Import Request.
  Time since last request: 11.067457 seconds.
  path: Assets/Resources/Prefabs/PrefabPatternA.prefab
  artifactKey: Guid(84ad8e849c577da4cbd580c87e07a68d) Importer(2089858483,934ff659095e30574adcf32a4c2f97b5)
Start importing Assets/Resources/Prefabs/PrefabPatternA.prefab using Guid(84ad8e849c577da4cbd580c87e07a68d) Importer(2089858483,934ff659095e30574adcf32a4c2f97b5) Generated GUIDs only implemented for interfaces!
 -> (artifact id: 'f36dec9c774789e4852fc0ce88fb7e7d') in 0.008871 seconds 
========================================================================
Received Import Request.
  Time since last request: 2.189697 seconds.
  path: Assets/Resources/Prefabs/PrefabPatternA.prefab
  artifactKey: Guid(84ad8e849c577da4cbd580c87e07a68d) Importer(2089858483,934ff659095e30574adcf32a4c2f97b5)
Start importing Assets/Resources/Prefabs/PrefabPatternA.prefab using Guid(84ad8e849c577da4cbd580c87e07a68d) Importer(2089858483,934ff659095e30574adcf32a4c2f97b5) Generated GUIDs only implemented for interfaces!
 -> (artifact id: 'e955ae58b933ece5edcca99fb76578f1') in 0.009013 seconds 
========================================================================
Received Import Request.
  Time since last request: 1.590885 seconds.
  path: Assets/Resources/Prefabs/PrefabPatternA.prefab
  artifactKey: Guid(84ad8e849c577da4cbd580c87e07a68d) Importer(2089858483,934ff659095e30574adcf32a4c2f97b5)
Start importing Assets/Resources/Prefabs/PrefabPatternA.prefab using Guid(84ad8e849c577da4cbd580c87e07a68d) Importer(2089858483,934ff659095e30574adcf32a4c2f97b5) Generated GUIDs only implemented for interfaces!
 -> (artifact id: 'f5213bdf7d6b2955eb208e943b17f34a') in 0.007313 seconds 
========================================================================
Received Import Request.
  Time since last request: 7.638455 seconds.
  path: Assets/Resources/Prefabs/PrefabPatternA.prefab
  artifactKey: Guid(84ad8e849c577da4cbd580c87e07a68d) Importer(2089858483,934ff659095e30574adcf32a4c2f97b5)
Start importing Assets/Resources/Prefabs/PrefabPatternA.prefab using Guid(84ad8e849c577da4cbd580c87e07a68d) Importer(2089858483,934ff659095e30574adcf32a4c2f97b5) Generated GUIDs only implemented for interfaces!
 -> (artifact id: '8d0e53ebf50774d53ad0681f5daab4b7') in 0.007779 seconds 
========================================================================
Received Import Request.
  Time since last request: 3.000667 seconds.
  path: Assets/Resources/Prefabs/PrefabPatternA.prefab
  artifactKey: Guid(84ad8e849c577da4cbd580c87e07a68d) Importer(2089858483,934ff659095e30574adcf32a4c2f97b5)
Start importing Assets/Resources/Prefabs/PrefabPatternA.prefab using Guid(84ad8e849c577da4cbd580c87e07a68d) Importer(2089858483,934ff659095e30574adcf32a4c2f97b5) Generated GUIDs only implemented for interfaces!
 -> (artifact id: '574d7d2d9afdc5162e5ec305b4b09538') in 0.007997 seconds 
========================================================================
Received Import Request.
  Time since last request: 8.871618 seconds.
  path: Assets/Resources/Prefabs/PrefabPatternA.prefab
  artifactKey: Guid(84ad8e849c577da4cbd580c87e07a68d) Importer(2089858483,934ff659095e30574adcf32a4c2f97b5)
Start importing Assets/Resources/Prefabs/PrefabPatternA.prefab using Guid(84ad8e849c577da4cbd580c87e07a68d) Importer(2089858483,934ff659095e30574adcf32a4c2f97b5) Generated GUIDs only implemented for interfaces!
 -> (artifact id: '4169413a1043316dd8f5e05670f30c1e') in 0.008144 seconds 
========================================================================
Received Import Request.
  Time since last request: 1.797290 seconds.
  path: Assets/Resources/Prefabs/PrefabPatternA.prefab
  artifactKey: Guid(84ad8e849c577da4cbd580c87e07a68d) Importer(2089858483,934ff659095e30574adcf32a4c2f97b5)
Start importing Assets/Resources/Prefabs/PrefabPatternA.prefab using Guid(84ad8e849c577da4cbd580c87e07a68d) Importer(2089858483,934ff659095e30574adcf32a4c2f97b5) Generated GUIDs only implemented for interfaces!
 -> (artifact id: '324f2a4b27a255af16663bf5839608ba') in 0.008737 seconds 
========================================================================
Received Import Request.
  Time since last request: 3.604902 seconds.
  path: Assets/Resources/Prefabs/PrefabPatternA.prefab
  artifactKey: Guid(84ad8e849c577da4cbd580c87e07a68d) Importer(2089858483,934ff659095e30574adcf32a4c2f97b5)
Start importing Assets/Resources/Prefabs/PrefabPatternA.prefab using Guid(84ad8e849c577da4cbd580c87e07a68d) Importer(2089858483,934ff659095e30574adcf32a4c2f97b5) Generated GUIDs only implemented for interfaces!
 -> (artifact id: 'f3a6f6adf4d1a20fd1eb251781a265b2') in 0.007890 seconds 
========================================================================
Received Import Request.
  Time since last request: 7.519088 seconds.
  path: Assets/Resources/Prefabs/PrefabPatternA.prefab
  artifactKey: Guid(84ad8e849c577da4cbd580c87e07a68d) Importer(2089858483,934ff659095e30574adcf32a4c2f97b5)
Start importing Assets/Resources/Prefabs/PrefabPatternA.prefab using Guid(84ad8e849c577da4cbd580c87e07a68d) Importer(2089858483,934ff659095e30574adcf32a4c2f97b5) Generated GUIDs only implemented for interfaces!
 -> (artifact id: 'd7154add63909b934d519e6e34ce49db') in 0.008444 seconds 
========================================================================
Received Import Request.
  Time since last request: 4.002791 seconds.
  path: Assets/Resources/Prefabs/PrefabPatternA.prefab
  artifactKey: Guid(84ad8e849c577da4cbd580c87e07a68d) Importer(2089858483,934ff659095e30574adcf32a4c2f97b5)
Start importing Assets/Resources/Prefabs/PrefabPatternA.prefab using Guid(84ad8e849c577da4cbd580c87e07a68d) Importer(2089858483,934ff659095e30574adcf32a4c2f97b5) Generated GUIDs only implemented for interfaces!
 -> (artifact id: '0af5eeb0e7d565ccb75b12739258db3b') in 0.007883 seconds 
========================================================================
Received Import Request.
  Time since last request: 2.002663 seconds.
  path: Assets/Resources/Prefabs/PrefabPatternA.prefab
  artifactKey: Guid(84ad8e849c577da4cbd580c87e07a68d) Importer(2089858483,934ff659095e30574adcf32a4c2f97b5)
Start importing Assets/Resources/Prefabs/PrefabPatternA.prefab using Guid(84ad8e849c577da4cbd580c87e07a68d) Importer(2089858483,934ff659095e30574adcf32a4c2f97b5) Generated GUIDs only implemented for interfaces!
 -> (artifact id: 'b2a728df4cedf7f178dc58d99311ec13') in 0.007845 seconds 
========================================================================
Received Import Request.
  Time since last request: 4.219119 seconds.
  path: Assets/Resources/Prefabs/PrefabPatternA.prefab
  artifactKey: Guid(84ad8e849c577da4cbd580c87e07a68d) Importer(2089858483,934ff659095e30574adcf32a4c2f97b5)
Start importing Assets/Resources/Prefabs/PrefabPatternA.prefab using Guid(84ad8e849c577da4cbd580c87e07a68d) Importer(2089858483,934ff659095e30574adcf32a4c2f97b5) Generated GUIDs only implemented for interfaces!
 -> (artifact id: '6c9adf25f47649ade08ddfa4ab7a5a10') in 0.008656 seconds 
========================================================================
Received Import Request.
  Time since last request: 7.444790 seconds.
  path: Assets/Resources/Prefabs/PrefabPatternA.prefab
  artifactKey: Guid(84ad8e849c577da4cbd580c87e07a68d) Importer(2089858483,934ff659095e30574adcf32a4c2f97b5)
Start importing Assets/Resources/Prefabs/PrefabPatternA.prefab using Guid(84ad8e849c577da4cbd580c87e07a68d) Importer(2089858483,934ff659095e30574adcf32a4c2f97b5) Generated GUIDs only implemented for interfaces!
 -> (artifact id: '1e058edc6a95fe8f243ee3f3675da9f5') in 0.007969 seconds 
========================================================================
Received Import Request.
  Time since last request: 16.114810 seconds.
  path: Assets/Resources/Prefabs/PrefabPatternA.prefab
  artifactKey: Guid(84ad8e849c577da4cbd580c87e07a68d) Importer(2089858483,934ff659095e30574adcf32a4c2f97b5)
Start importing Assets/Resources/Prefabs/PrefabPatternA.prefab using Guid(84ad8e849c577da4cbd580c87e07a68d) Importer(2089858483,934ff659095e30574adcf32a4c2f97b5) Generated GUIDs only implemented for interfaces!
 -> (artifact id: 'dedcf7351b728653300490a0c4ea5077') in 0.008644 seconds 
========================================================================
Received Import Request.
  Time since last request: 3.810135 seconds.
  path: Assets/Resources/Prefabs/PrefabPatternA.prefab
  artifactKey: Guid(84ad8e849c577da4cbd580c87e07a68d) Importer(2089858483,934ff659095e30574adcf32a4c2f97b5)
Start importing Assets/Resources/Prefabs/PrefabPatternA.prefab using Guid(84ad8e849c577da4cbd580c87e07a68d) Importer(2089858483,934ff659095e30574adcf32a4c2f97b5) Generated GUIDs only implemented for interfaces!
 -> (artifact id: '3169e67ef16787f56674439ee5faba35') in 0.008235 seconds 
