Using pre-set license
Built from '2021.2/staging' branch; Version is '2021.2.7f1 (6bd9e232123f) revision 7068130'; Using compiler version '192829333'; Build Type 'Release'
OS: 'Windows 11  (10.0.22000) 64bit Core' Language: 'en' Physical Memory: 32609 MB
BatchMode: 1, IsHumanControllingUs: 0, StartBugReporterOnCrash: 0, Is64bit: 1, IsPro: 0

COMMAND LINE ARGUMENTS:
C:\Program Files\2021.2.7f1\Editor\Unity.exe
-adb2
-batchMode
-noUpm
-name
AssetImportWorker2
-projectPath
D:/Unity/ADRC4_2122/CustHomize/CustHomize_Aggregator
-logFile
Logs/AssetImportWorker2.log
-srvPort
60087
Successfully changed project path to: D:/Unity/ADRC4_2122/CustHomize/CustHomize_Aggregator
D:/Unity/ADRC4_2122/CustHomize/CustHomize_Aggregator
[UnityMemory] Configuration Parameters - Can be set up in boot.config
    "memorysetup-bucket-allocator-granularity=16"
    "memorysetup-bucket-allocator-bucket-count=8"
    "memorysetup-bucket-allocator-block-size=33554432"
    "memorysetup-bucket-allocator-block-count=8"
    "memorysetup-main-allocator-block-size=16777216"
    "memorysetup-thread-allocator-block-size=16777216"
    "memorysetup-gfx-main-allocator-block-size=16777216"
    "memorysetup-gfx-thread-allocator-block-size=16777216"
    "memorysetup-cache-allocator-block-size=4194304"
    "memorysetup-typetree-allocator-block-size=2097152"
    "memorysetup-profiler-bucket-allocator-granularity=16"
    "memorysetup-profiler-bucket-allocator-bucket-count=8"
    "memorysetup-profiler-bucket-allocator-block-size=33554432"
    "memorysetup-profiler-bucket-allocator-block-count=8"
    "memorysetup-profiler-allocator-block-size=16777216"
    "memorysetup-profiler-editor-allocator-block-size=1048576"
    "memorysetup-temp-allocator-size-main=16777216"
    "memorysetup-job-temp-allocator-block-size=2097152"
    "memorysetup-job-temp-allocator-block-size-background=1048576"
    "memorysetup-job-temp-allocator-reduction-small-platforms=262144"
    "memorysetup-temp-allocator-size-background-worker=32768"
    "memorysetup-temp-allocator-size-job-worker=262144"
    "memorysetup-temp-allocator-size-preload-manager=33554432"
    "memorysetup-temp-allocator-size-nav-mesh-worker=65536"
    "memorysetup-temp-allocator-size-audio-worker=65536"
    "memorysetup-temp-allocator-size-cloud-worker=32768"
    "memorysetup-temp-allocator-size-gi-baking-worker=262144"
    "memorysetup-temp-allocator-size-gfx=262144"
Refreshing native plugins compatible for Editor in 64.78 ms, found 3 plugins.
Preloading 0 native plugins for Editor in 0.00 ms.
Initialize engine version: 2021.2.7f1 (6bd9e232123f)
[Subsystems] Discovering subsystems at path C:/Program Files/2021.2.7f1/Editor/Data/Resources/UnitySubsystems
[Subsystems] Discovering subsystems at path D:/Unity/ADRC4_2122/CustHomize/CustHomize_Aggregator/Assets
GfxDevice: creating device client; threaded=0; jobified=0
Direct3D:
    Version:  Direct3D 11.0 [level 11.1]
    Renderer: NVIDIA GeForce RTX 2070 with Max-Q Design (ID=0x1f10)
    Vendor:   NVIDIA
    VRAM:     8031 MB
    Driver:   27.21.14.6140
Initialize mono
Mono path[0] = 'C:/Program Files/2021.2.7f1/Editor/Data/Managed'
Mono path[1] = 'C:/Program Files/2021.2.7f1/Editor/Data/MonoBleedingEdge/lib/mono/unityjit-win32'
Mono config path = 'C:/Program Files/2021.2.7f1/Editor/Data/MonoBleedingEdge/etc'
Using monoOptions --debugger-agent=transport=dt_socket,embedding=1,server=y,suspend=n,address=127.0.0.1:56072
Begin MonoManager ReloadAssembly
Registering precompiled unity dll's ...
Register platform support module: C:/Program Files/2021.2.7f1/Editor/Data/PlaybackEngines/WebGLSupport/UnityEditor.WebGL.Extensions.dll
Register platform support module: C:/Program Files/2021.2.7f1/Editor/Data/PlaybackEngines/WindowsStandaloneSupport/UnityEditor.WindowsStandalone.Extensions.dll
Registered in 0.003456 seconds.
Native extension for WindowsStandalone target not found
Native extension for WebGL target not found
Refreshing native plugins compatible for Editor in 62.02 ms, found 3 plugins.
Preloading 0 native plugins for Editor in 0.00 ms.
Mono: successfully reloaded assembly
- Completed reload, in  0.571 seconds
Domain Reload Profiling:
	ReloadAssembly (571ms)
		BeginReloadAssembly (66ms)
			ExecutionOrderSort (0ms)
			DisableScriptedObjects (0ms)
			BackupInstance (0ms)
			ReleaseScriptingObjects (0ms)
			CreateAndSetChildDomain (1ms)
		EndReloadAssembly (433ms)
			LoadAssemblies (65ms)
			RebuildTransferFunctionScriptingTraits (0ms)
			SetupTypeCache (99ms)
			ReleaseScriptCaches (0ms)
			RebuildScriptCaches (29ms)
			SetupLoadedEditorAssemblies (257ms)
				LogAssemblyErrors (0ms)
				InitializePlatformSupportModulesInManaged (15ms)
				SetLoadedEditorAssemblies (0ms)
				RefreshPlugins (62ms)
				BeforeProcessingInitializeOnLoad (1ms)
				ProcessInitializeOnLoadAttributes (136ms)
				ProcessInitializeOnLoadMethodAttributes (43ms)
				AfterProcessingInitializeOnLoad (0ms)
				EditorAssembliesLoaded (0ms)
			ExecutionOrderSort2 (0ms)
			AwakeInstancesAfterBackupRestoration (0ms)
Platform modules already initialized, skipping
Registering precompiled user dll's ...
Registered in 0.003920 seconds.
Begin MonoManager ReloadAssembly
Symbol file LoadedFromMemory doesn't match image D:\Unity\ADRC4_2122\CustHomize\CustHomize_Aggregator\Library\PackageCache\com.unity.visualscripting@1.7.6\Editor\VisualScripting.Core\Dependencies\YamlDotNet\Unity.VisualScripting.YamlDotNet.dll
Symbol file LoadedFromMemory doesn't match image D:\Unity\ADRC4_2122\CustHomize\CustHomize_Aggregator\Library\PackageCache\com.unity.visualscripting@1.7.6\Editor\VisualScripting.Core\Dependencies\DotNetZip\Unity.VisualScripting.IonicZip.dll
Native extension for WindowsStandalone target not found
Native extension for WebGL target not found
Refreshing native plugins compatible for Editor in 0.47 ms, found 3 plugins.
Preloading 0 native plugins for Editor in 0.00 ms.
Mono: successfully reloaded assembly
- Completed reload, in  0.885 seconds
Domain Reload Profiling:
	ReloadAssembly (885ms)
		BeginReloadAssembly (99ms)
			ExecutionOrderSort (0ms)
			DisableScriptedObjects (6ms)
			BackupInstance (0ms)
			ReleaseScriptingObjects (0ms)
			CreateAndSetChildDomain (19ms)
		EndReloadAssembly (697ms)
			LoadAssemblies (60ms)
			RebuildTransferFunctionScriptingTraits (0ms)
			SetupTypeCache (206ms)
			ReleaseScriptCaches (1ms)
			RebuildScriptCaches (46ms)
			SetupLoadedEditorAssemblies (346ms)
				LogAssemblyErrors (0ms)
				InitializePlatformSupportModulesInManaged (12ms)
				SetLoadedEditorAssemblies (0ms)
				RefreshPlugins (1ms)
				BeforeProcessingInitializeOnLoad (91ms)
				ProcessInitializeOnLoadAttributes (216ms)
				ProcessInitializeOnLoadMethodAttributes (21ms)
				AfterProcessingInitializeOnLoad (5ms)
				EditorAssembliesLoaded (0ms)
			ExecutionOrderSort2 (0ms)
			AwakeInstancesAfterBackupRestoration (6ms)
Platform modules already initialized, skipping
========================================================================
Worker process is ready to serve import requests
Launched and connected shader compiler UnityShaderCompiler.exe after 0.06 seconds
Refreshing native plugins compatible for Editor in 0.44 ms, found 3 plugins.
Preloading 0 native plugins for Editor in 0.00 ms.
Unloading 3101 Unused Serialized files (Serialized files now loaded: 0)
Unloading 23 unused Assets / (55.6 KB). Loaded Objects now: 3560.
Memory consumption went from 107.8 MB to 107.8 MB.
Total: 3.240200 ms (FindLiveObjects: 0.481800 ms CreateObjectMapping: 0.228000 ms MarkObjects: 2.469900 ms  DeleteObjects: 0.059400 ms)

AssetImportParameters requested are different than current active one (requested -> active):
  custom:video-decoder-ogg-theora: a1e56fd34408186e4bbccfd4996cb3dc -> 
  custom:container-muxer-webm: aa71ff27fc2769a1b78a27578f13a17b -> 
  custom:container-demuxer-webm: 4f35f7cbe854078d1ac9338744f61a02 -> 
  custom:video-encoder-webm-vp8: eb34c28f22e8b96e1ab97ce403110664 -> 
  custom:audio-encoder-webm-vorbis: bf7c407c2cedff20999df2af8eb42d56 -> 
  custom:framework-win-MediaFoundation: 216162199b28c13a410421893ffa2e32 -> 
  custom:container-demuxer-ogg: 62fdf1f143b41e24485cea50d1cbac27 -> 
  custom:video-decoder-webm-vp8: 9c59270c3fd7afecdb556c50c9e8de78 -> 
  custom:audio-decoder-ogg-vorbis: bf7c407c2cedff20999df2af8eb42d56 -> 
========================================================================
Received Import Request.
  Time since last request: 529031.795352 seconds.
  path: Assets/Scenes/SampleScene.unity
  artifactKey: Guid(9fc0d4010bbf28b4594072e72b8655ab) Importer(815301076,1909f56bfc062723c751e8b465ee728b)
Start importing Assets/Scenes/SampleScene.unity using Guid(9fc0d4010bbf28b4594072e72b8655ab) Importer(815301076,1909f56bfc062723c751e8b465ee728b)  -> (artifact id: 'fe5314046b3da5182265b346f736b130') in 0.025603 seconds 
========================================================================
Received Import Request.
  Time since last request: 77.493155 seconds.
  path: ProjectSettings/TagManager.asset
  artifactKey: Guid(00000000000000003000000000000000) Importer(815301076,1909f56bfc062723c751e8b465ee728b)
Start importing ProjectSettings/TagManager.asset using Guid(00000000000000003000000000000000) Importer(815301076,1909f56bfc062723c751e8b465ee728b)  -> (artifact id: '49103ddb131dee35ba8759c97ba2dd04') in 0.030623 seconds 
========================================================================
Received Import Request.
  Time since last request: 19.325774 seconds.
  path: Assets
  artifactKey: Guid(00000000000000001000000000000000) Importer(815301076,1909f56bfc062723c751e8b465ee728b)
Start importing Assets using Guid(00000000000000001000000000000000) Importer(815301076,1909f56bfc062723c751e8b465ee728b)  -> (artifact id: '79842766b460edbeab6a34051e857a80') in 0.010572 seconds 
========================================================================
Received Import Request.
  Time since last request: 6.021189 seconds.
  path: Assets/Resources/Material
  artifactKey: Guid(5f5ea975865dbe5439aeaccdf9cd8107) Importer(815301076,1909f56bfc062723c751e8b465ee728b)
Start importing Assets/Resources/Material using Guid(5f5ea975865dbe5439aeaccdf9cd8107) Importer(815301076,1909f56bfc062723c751e8b465ee728b)  -> (artifact id: '4513110dc277e343dba9ea7bb792afb3') in 0.011789 seconds 
========================================================================
Received Import Request.
  Time since last request: 3.047889 seconds.
  path: Assets/Resources/Materials
  artifactKey: Guid(5f5ea975865dbe5439aeaccdf9cd8107) Importer(815301076,1909f56bfc062723c751e8b465ee728b)
Start importing Assets/Resources/Materials using Guid(5f5ea975865dbe5439aeaccdf9cd8107) Importer(815301076,1909f56bfc062723c751e8b465ee728b)  -> (artifact id: 'f9f468fd85ddcfc215201ac37d5627db') in 0.010127 seconds 
========================================================================
Received Import Request.
  Time since last request: 14.150896 seconds.
  path: Assets/Resources/Materials/mat_ConPink.mat
  artifactKey: Guid(34539f101ba9ff64c81be72ebf862df4) Importer(815301076,1909f56bfc062723c751e8b465ee728b)
Start importing Assets/Resources/Materials/mat_ConPink.mat using Guid(34539f101ba9ff64c81be72ebf862df4) Importer(815301076,1909f56bfc062723c751e8b465ee728b)  -> (artifact id: 'e0f788d690c0841cf63b5049a63f39d0') in 0.096159 seconds 
========================================================================
Received Import Request.
  Time since last request: 25.086117 seconds.
  path: Assets/Resources/Meshes/PatternN.obj
  artifactKey: Guid(d64f8c7edd52bb6478e36af5ca8d45f5) Importer(815301076,1909f56bfc062723c751e8b465ee728b)
Start importing Assets/Resources/Meshes/PatternN.obj using Guid(d64f8c7edd52bb6478e36af5ca8d45f5) Importer(815301076,1909f56bfc062723c751e8b465ee728b)  -> (artifact id: 'fb97b8d9b10a2e64aeaad7d6b901505b') in 0.071921 seconds 
========================================================================
Received Import Request.
  Time since last request: 0.068315 seconds.
  path: Assets/Resources/Meshes/PatternL.obj
  artifactKey: Guid(216f95722ccfdcf4cb307fcb78248d63) Importer(815301076,1909f56bfc062723c751e8b465ee728b)
Start importing Assets/Resources/Meshes/PatternL.obj using Guid(216f95722ccfdcf4cb307fcb78248d63) Importer(815301076,1909f56bfc062723c751e8b465ee728b)  -> (artifact id: '22f32e436527728559cacd6d71854628') in 0.025659 seconds 
========================================================================
Received Import Request.
  Time since last request: 73.100633 seconds.
  path: Assets/Resources/Prefabs/conPink.prefab
  artifactKey: Guid(d4bba2fcc820ecc43ade2f0def383fac) Importer(815301076,1909f56bfc062723c751e8b465ee728b)
Start importing Assets/Resources/Prefabs/conPink.prefab using Guid(d4bba2fcc820ecc43ade2f0def383fac) Importer(815301076,1909f56bfc062723c751e8b465ee728b)  -> (artifact id: '23ed250411821db93ca5d591a98184fc') in 0.018092 seconds 
========================================================================
Received Import Request.
  Time since last request: 26.163953 seconds.
  path: Assets/Resources/Prefabs/PrefabPatternB.prefab
  artifactKey: Guid(d48451eebad959443be2e61c92073395) Importer(815301076,1909f56bfc062723c751e8b465ee728b)
Start importing Assets/Resources/Prefabs/PrefabPatternB.prefab using Guid(d48451eebad959443be2e61c92073395) Importer(815301076,1909f56bfc062723c751e8b465ee728b)  -> (artifact id: '663b4d14169e43846db73be303b9132f') in 0.015668 seconds 
========================================================================
Received Import Request.
  Time since last request: 2.984453 seconds.
  path: Assets/Resources/Prefabs/PrefabPatternB.prefab
  artifactKey: Guid(d48451eebad959443be2e61c92073395) Importer(815301076,1909f56bfc062723c751e8b465ee728b)
Start importing Assets/Resources/Prefabs/PrefabPatternB.prefab using Guid(d48451eebad959443be2e61c92073395) Importer(815301076,1909f56bfc062723c751e8b465ee728b)  -> (artifact id: '0d709f41bbc3d1140661dc5a5a613b48') in 0.015882 seconds 
========================================================================
Received Import Request.
  Time since last request: 2.391639 seconds.
  path: Assets/Resources/Prefabs/PrefabPatternB.prefab
  artifactKey: Guid(d48451eebad959443be2e61c92073395) Importer(815301076,1909f56bfc062723c751e8b465ee728b)
Start importing Assets/Resources/Prefabs/PrefabPatternB.prefab using Guid(d48451eebad959443be2e61c92073395) Importer(815301076,1909f56bfc062723c751e8b465ee728b)  -> (artifact id: 'a651a5a58eee6e76556d28cd6267593c') in 0.014291 seconds 
========================================================================
Received Import Request.
  Time since last request: 5.226244 seconds.
  path: Assets/Resources/Prefabs/PrefabPatternB.prefab
  artifactKey: Guid(d48451eebad959443be2e61c92073395) Importer(815301076,1909f56bfc062723c751e8b465ee728b)
Start importing Assets/Resources/Prefabs/PrefabPatternB.prefab using Guid(d48451eebad959443be2e61c92073395) Importer(815301076,1909f56bfc062723c751e8b465ee728b)  -> (artifact id: 'abed90df20d3196c833024ffa0a20e2d') in 0.014704 seconds 
========================================================================
Received Import Request.
  Time since last request: 45.499825 seconds.
  path: Assets/Resources/Prefabs/conPink.prefab
  artifactKey: Guid(d4bba2fcc820ecc43ade2f0def383fac) Importer(815301076,1909f56bfc062723c751e8b465ee728b)
Start importing Assets/Resources/Prefabs/conPink.prefab using Guid(d4bba2fcc820ecc43ade2f0def383fac) Importer(815301076,1909f56bfc062723c751e8b465ee728b)  -> (artifact id: '6dd5bece5aed0fe4f1b6e3902a1fd8aa') in 0.012798 seconds 
========================================================================
Received Import Request.
  Time since last request: 4.302993 seconds.
  path: Assets/Resources/Prefabs/PrefabPatternB.prefab
  artifactKey: Guid(d48451eebad959443be2e61c92073395) Importer(815301076,1909f56bfc062723c751e8b465ee728b)
Start importing Assets/Resources/Prefabs/PrefabPatternB.prefab using Guid(d48451eebad959443be2e61c92073395) Importer(815301076,1909f56bfc062723c751e8b465ee728b)  -> (artifact id: 'e42245c093646df7f62044a6626b76aa') in 0.019221 seconds 
========================================================================
Received Import Request.
  Time since last request: 3.028809 seconds.
  path: Assets/Resources/Prefabs/PrefabPatternB.prefab
  artifactKey: Guid(d48451eebad959443be2e61c92073395) Importer(815301076,1909f56bfc062723c751e8b465ee728b)
Start importing Assets/Resources/Prefabs/PrefabPatternB.prefab using Guid(d48451eebad959443be2e61c92073395) Importer(815301076,1909f56bfc062723c751e8b465ee728b)  -> (artifact id: '67108fcd39ceb5108718064af17740f6') in 0.015607 seconds 
========================================================================
Received Import Request.
  Time since last request: 8.055383 seconds.
  path: Assets/Resources/Prefabs/PrefabPatternB.prefab
  artifactKey: Guid(d48451eebad959443be2e61c92073395) Importer(815301076,1909f56bfc062723c751e8b465ee728b)
Start importing Assets/Resources/Prefabs/PrefabPatternB.prefab using Guid(d48451eebad959443be2e61c92073395) Importer(815301076,1909f56bfc062723c751e8b465ee728b)  -> (artifact id: '7d37366bfa9808150a40875c54802cc2') in 0.013780 seconds 
========================================================================
Received Import Request.
  Time since last request: 2.973568 seconds.
  path: Assets/Resources/Prefabs/PrefabPatternB.prefab
  artifactKey: Guid(d48451eebad959443be2e61c92073395) Importer(815301076,1909f56bfc062723c751e8b465ee728b)
Start importing Assets/Resources/Prefabs/PrefabPatternB.prefab using Guid(d48451eebad959443be2e61c92073395) Importer(815301076,1909f56bfc062723c751e8b465ee728b)  -> (artifact id: '465d5527a3ca348d7891b25c97c04e3c') in 0.010168 seconds 
========================================================================
Received Import Request.
  Time since last request: 6.626257 seconds.
  path: Assets/Resources/Prefabs/PrefabPatternB.prefab
  artifactKey: Guid(d48451eebad959443be2e61c92073395) Importer(815301076,1909f56bfc062723c751e8b465ee728b)
Start importing Assets/Resources/Prefabs/PrefabPatternB.prefab using Guid(d48451eebad959443be2e61c92073395) Importer(815301076,1909f56bfc062723c751e8b465ee728b)  -> (artifact id: '95111d37de785d76ec8ecde2a2eaf30d') in 0.015764 seconds 
========================================================================
Received Import Request.
  Time since last request: 5.420875 seconds.
  path: Assets/Resources/Prefabs/PrefabPatternB.prefab
  artifactKey: Guid(d48451eebad959443be2e61c92073395) Importer(815301076,1909f56bfc062723c751e8b465ee728b)
Start importing Assets/Resources/Prefabs/PrefabPatternB.prefab using Guid(d48451eebad959443be2e61c92073395) Importer(815301076,1909f56bfc062723c751e8b465ee728b)  -> (artifact id: '7a5dc7b463d245f326c88a70b6befd00') in 0.013122 seconds 
========================================================================
Received Import Request.
  Time since last request: 1.993674 seconds.
  path: Assets/Resources/Prefabs/PrefabPatternB.prefab
  artifactKey: Guid(d48451eebad959443be2e61c92073395) Importer(815301076,1909f56bfc062723c751e8b465ee728b)
Start importing Assets/Resources/Prefabs/PrefabPatternB.prefab using Guid(d48451eebad959443be2e61c92073395) Importer(815301076,1909f56bfc062723c751e8b465ee728b)  -> (artifact id: '693060a9c794289ce7f9cf2758262597') in 0.011168 seconds 
========================================================================
Received Import Request.
  Time since last request: 125.781631 seconds.
  path: Assets/Resources/Materials/mat_ConYellow.mat
  artifactKey: Guid(48e765e1ba727aa4b9fcda11d59d6967) Importer(815301076,1909f56bfc062723c751e8b465ee728b)
Start importing Assets/Resources/Materials/mat_ConYellow.mat using Guid(48e765e1ba727aa4b9fcda11d59d6967) Importer(815301076,1909f56bfc062723c751e8b465ee728b)  -> (artifact id: '0398b72ce9e5bfad1c1d69c3edefb091') in 0.016094 seconds 
========================================================================
Received Import Request.
  Time since last request: 30.009070 seconds.
  path: Assets/Resources/Prefabs/conYellow.prefab
  artifactKey: Guid(ecc2f4bf90a53dd418022662cef22b38) Importer(815301076,1909f56bfc062723c751e8b465ee728b)
Start importing Assets/Resources/Prefabs/conYellow.prefab using Guid(ecc2f4bf90a53dd418022662cef22b38) Importer(815301076,1909f56bfc062723c751e8b465ee728b)  -> (artifact id: '2730c3dd4094a0ecbc5ca0515038bd26') in 0.012874 seconds 
========================================================================
Received Import Request.
  Time since last request: 6.110612 seconds.
  path: Assets/Resources/Prefabs/Connections
  artifactKey: Guid(1b301991ce1472c43a49755c36a490bd) Importer(815301076,1909f56bfc062723c751e8b465ee728b)
Start importing Assets/Resources/Prefabs/Connections using Guid(1b301991ce1472c43a49755c36a490bd) Importer(815301076,1909f56bfc062723c751e8b465ee728b)  -> (artifact id: '9595866cc3cc9be77f440691a04bc706') in 0.008118 seconds 
========================================================================
Received Import Request.
  Time since last request: 19.678326 seconds.
  path: Assets/Resources/Meshes/PatternA.obj
  artifactKey: Guid(71ac43d9dea57c94dbccf5939eb95d79) Importer(815301076,1909f56bfc062723c751e8b465ee728b)
Start importing Assets/Resources/Meshes/PatternA.obj using Guid(71ac43d9dea57c94dbccf5939eb95d79) Importer(815301076,1909f56bfc062723c751e8b465ee728b)  -> (artifact id: '7e0c653f83aa97a3095c1e5d562f279a') in 0.036756 seconds 
========================================================================
Received Import Request.
  Time since last request: 0.779597 seconds.
  path: Assets/Resources/Prefabs/Connections/conYellow.prefab
  artifactKey: Guid(ecc2f4bf90a53dd418022662cef22b38) Importer(815301076,1909f56bfc062723c751e8b465ee728b)
Start importing Assets/Resources/Prefabs/Connections/conYellow.prefab using Guid(ecc2f4bf90a53dd418022662cef22b38) Importer(815301076,1909f56bfc062723c751e8b465ee728b)  -> (artifact id: '59e7e3af402b73e6a8d1602e149cac0f') in 0.010105 seconds 
========================================================================
Received Import Request.
  Time since last request: 2.439693 seconds.
  path: Assets/Resources/Prefabs/PrefabPatternB.prefab
  artifactKey: Guid(d48451eebad959443be2e61c92073395) Importer(815301076,1909f56bfc062723c751e8b465ee728b)
Start importing Assets/Resources/Prefabs/PrefabPatternB.prefab using Guid(d48451eebad959443be2e61c92073395) Importer(815301076,1909f56bfc062723c751e8b465ee728b)  -> (artifact id: '4c9c01a474eea13f6f24ddc8bd8e771a') in 0.013400 seconds 
========================================================================
Received Import Request.
  Time since last request: 7.265208 seconds.
  path: Assets/Resources/Prefabs/PrefabPatternB.prefab
  artifactKey: Guid(d48451eebad959443be2e61c92073395) Importer(815301076,1909f56bfc062723c751e8b465ee728b)
Start importing Assets/Resources/Prefabs/PrefabPatternB.prefab using Guid(d48451eebad959443be2e61c92073395) Importer(815301076,1909f56bfc062723c751e8b465ee728b)  -> (artifact id: 'b6fe287edacdf51d33800cd4642c111c') in 0.016274 seconds 
========================================================================
Received Import Request.
  Time since last request: 11.877187 seconds.
  path: Assets/Resources/Prefabs/PrefabPatternB.prefab
  artifactKey: Guid(d48451eebad959443be2e61c92073395) Importer(815301076,1909f56bfc062723c751e8b465ee728b)
Start importing Assets/Resources/Prefabs/PrefabPatternB.prefab using Guid(d48451eebad959443be2e61c92073395) Importer(815301076,1909f56bfc062723c751e8b465ee728b)  -> (artifact id: 'af3cde44f32de4308ea8979316234d98') in 0.014541 seconds 
========================================================================
Received Import Request.
  Time since last request: 13.887424 seconds.
  path: Assets/Resources/Prefabs/PrefabPatternB.prefab
  artifactKey: Guid(d48451eebad959443be2e61c92073395) Importer(815301076,1909f56bfc062723c751e8b465ee728b)
Start importing Assets/Resources/Prefabs/PrefabPatternB.prefab using Guid(d48451eebad959443be2e61c92073395) Importer(815301076,1909f56bfc062723c751e8b465ee728b)  -> (artifact id: '352c749bd01a15fe5a2515d147aedcda') in 0.015069 seconds 
========================================================================
Received Import Request.
  Time since last request: 8.375917 seconds.
  path: Assets/Resources/Prefabs/PrefabPatternB.prefab
  artifactKey: Guid(d48451eebad959443be2e61c92073395) Importer(815301076,1909f56bfc062723c751e8b465ee728b)
Start importing Assets/Resources/Prefabs/PrefabPatternB.prefab using Guid(d48451eebad959443be2e61c92073395) Importer(815301076,1909f56bfc062723c751e8b465ee728b)  -> (artifact id: 'f14057b1ee7d86775e2f66f0f7942d39') in 0.012759 seconds 
========================================================================
Received Import Request.
  Time since last request: 246.533882 seconds.
  path: Assets/Scripts/Singletons
  artifactKey: Guid(5b5a4a2a4c62230479f92fc64d804a10) Importer(815301076,1909f56bfc062723c751e8b465ee728b)
Start importing Assets/Scripts/Singletons using Guid(5b5a4a2a4c62230479f92fc64d804a10) Importer(815301076,1909f56bfc062723c751e8b465ee728b)  -> (artifact id: '7895eeaebe5e805955540c3e0a0bd9d8') in 0.008052 seconds 
========================================================================
Received Import Request.
  Time since last request: 54.808073 seconds.
  path: Assets/Scripts/Tile.cs
  artifactKey: Guid(50a10b39f1213d44dafd9c15973e4335) Importer(815301076,1909f56bfc062723c751e8b465ee728b)
Start importing Assets/Scripts/Tile.cs using Guid(50a10b39f1213d44dafd9c15973e4335) Importer(815301076,1909f56bfc062723c751e8b465ee728b)  -> (artifact id: '157bb3c9b1b5c05987b357535425123e') in 0.013066 seconds 
========================================================================
Received Import Request.
  Time since last request: 6.040954 seconds.
  path: Assets/Scripts/Connection.cs
  artifactKey: Guid(b833e525bba94e04fb32206396c90fd7) Importer(815301076,1909f56bfc062723c751e8b465ee728b)
Start importing Assets/Scripts/Connection.cs using Guid(b833e525bba94e04fb32206396c90fd7) Importer(815301076,1909f56bfc062723c751e8b465ee728b)  -> (artifact id: '655b4c5f972ae4bd020186336ba2177c') in 0.008372 seconds 
========================================================================
Received Import Request.
  Time since last request: 10.709860 seconds.
  path: Assets/Scripts/ConstraintSolver.cs
  artifactKey: Guid(7f7c2c0e45819a544b15e7e92848e156) Importer(815301076,1909f56bfc062723c751e8b465ee728b)
Start importing Assets/Scripts/ConstraintSolver.cs using Guid(7f7c2c0e45819a544b15e7e92848e156) Importer(815301076,1909f56bfc062723c751e8b465ee728b)  -> (artifact id: '8021b1743db68a404c740a4bb04f6cdf') in 0.007719 seconds 
========================================================================
Received Import Request.
  Time since last request: 71.334523 seconds.
  path: Assets/Scripts/Tile.cs
  artifactKey: Guid(50a10b39f1213d44dafd9c15973e4335) Importer(815301076,1909f56bfc062723c751e8b465ee728b)
Start importing Assets/Scripts/Tile.cs using Guid(50a10b39f1213d44dafd9c15973e4335) Importer(815301076,1909f56bfc062723c751e8b465ee728b)  -> (artifact id: '665bfbcfaf4c204821a396566cd33d25') in 0.002585 seconds 
========================================================================
Received Import Request.
  Time since last request: 48.957782 seconds.
  path: Assets/Scripts/Tile.cs
  artifactKey: Guid(50a10b39f1213d44dafd9c15973e4335) Importer(815301076,1909f56bfc062723c751e8b465ee728b)
Start importing Assets/Scripts/Tile.cs using Guid(50a10b39f1213d44dafd9c15973e4335) Importer(815301076,1909f56bfc062723c751e8b465ee728b)  -> (artifact id: 'f660e6b0fb80c1d0a64547739397d9a1') in 0.002620 seconds 
========================================================================
Received Import Request.
  Time since last request: 19.172551 seconds.
  path: Assets/Scripts/Tile.cs
  artifactKey: Guid(50a10b39f1213d44dafd9c15973e4335) Importer(815301076,1909f56bfc062723c751e8b465ee728b)
Start importing Assets/Scripts/Tile.cs using Guid(50a10b39f1213d44dafd9c15973e4335) Importer(815301076,1909f56bfc062723c751e8b465ee728b)  -> (artifact id: '43a682c807c13d80d782fcde15969cf8') in 0.002546 seconds 
========================================================================
Received Import Request.
  Time since last request: 35.344119 seconds.
  path: Assets/Scripts/TilePattern.cs
  artifactKey: Guid(50a10b39f1213d44dafd9c15973e4335) Importer(815301076,1909f56bfc062723c751e8b465ee728b)
Start importing Assets/Scripts/TilePattern.cs using Guid(50a10b39f1213d44dafd9c15973e4335) Importer(815301076,1909f56bfc062723c751e8b465ee728b)  -> (artifact id: '04c0b8f2673b6e81b0893f210485f436') in 0.011654 seconds 
========================================================================
Received Import Request.
  Time since last request: 3.656125 seconds.
  path: Assets/Scripts/Tile.cs
  artifactKey: Guid(ca28b237c061f034bae0acc286b8fe14) Importer(815301076,1909f56bfc062723c751e8b465ee728b)
Start importing Assets/Scripts/Tile.cs using Guid(ca28b237c061f034bae0acc286b8fe14) Importer(815301076,1909f56bfc062723c751e8b465ee728b)  -> (artifact id: '709e4654dff45c0448322fcc6fdc7cbd') in 0.003371 seconds 
========================================================================
Received Import Request.
  Time since last request: 18.511804 seconds.
  path: Assets/Scripts/Tile.cs
  artifactKey: Guid(ca28b237c061f034bae0acc286b8fe14) Importer(815301076,1909f56bfc062723c751e8b465ee728b)
Start importing Assets/Scripts/Tile.cs using Guid(ca28b237c061f034bae0acc286b8fe14) Importer(815301076,1909f56bfc062723c751e8b465ee728b)  -> (artifact id: '901de3ef281271e864c5aecfdfedfeaf') in 0.002622 seconds 
========================================================================
Received Import Request.
  Time since last request: 185.808753 seconds.
  path: Assets/Scripts/Tile.cs
  artifactKey: Guid(ca28b237c061f034bae0acc286b8fe14) Importer(815301076,1909f56bfc062723c751e8b465ee728b)
Start importing Assets/Scripts/Tile.cs using Guid(ca28b237c061f034bae0acc286b8fe14) Importer(815301076,1909f56bfc062723c751e8b465ee728b)  -> (artifact id: 'bacdef38e50a7216e7f699b59103d70a') in 0.002464 seconds 
========================================================================
Received Import Request.
  Time since last request: 16.914437 seconds.
  path: Assets/Scripts/Tile.cs
  artifactKey: Guid(ca28b237c061f034bae0acc286b8fe14) Importer(815301076,1909f56bfc062723c751e8b465ee728b)
Start importing Assets/Scripts/Tile.cs using Guid(ca28b237c061f034bae0acc286b8fe14) Importer(815301076,1909f56bfc062723c751e8b465ee728b)  -> (artifact id: '18b2a7bbc7ac1a4e5e0e6b6512f473a4') in 0.002869 seconds 
========================================================================
Received Import Request.
  Time since last request: 52.216145 seconds.
  path: Assets/Scripts/Tile.cs
  artifactKey: Guid(ca28b237c061f034bae0acc286b8fe14) Importer(815301076,1909f56bfc062723c751e8b465ee728b)
Start importing Assets/Scripts/Tile.cs using Guid(ca28b237c061f034bae0acc286b8fe14) Importer(815301076,1909f56bfc062723c751e8b465ee728b)  -> (artifact id: '216c7756e1610e9a652ef4e858aaa269') in 0.002242 seconds 
========================================================================
Received Import Request.
  Time since last request: 142.221428 seconds.
  path: Assets/Scripts/Tile.cs
  artifactKey: Guid(ca28b237c061f034bae0acc286b8fe14) Importer(815301076,1909f56bfc062723c751e8b465ee728b)
Start importing Assets/Scripts/Tile.cs using Guid(ca28b237c061f034bae0acc286b8fe14) Importer(815301076,1909f56bfc062723c751e8b465ee728b)  -> (artifact id: '77d506d554cd385967b3141ef36c2ce7') in 0.002809 seconds 
========================================================================
Received Import Request.
  Time since last request: 18.356220 seconds.
  path: Assets/Scripts/Tile.cs
  artifactKey: Guid(ca28b237c061f034bae0acc286b8fe14) Importer(815301076,1909f56bfc062723c751e8b465ee728b)
Start importing Assets/Scripts/Tile.cs using Guid(ca28b237c061f034bae0acc286b8fe14) Importer(815301076,1909f56bfc062723c751e8b465ee728b)  -> (artifact id: 'b3b1fe361a5645cb33d9797c4df1b118') in 0.002896 seconds 
========================================================================
Received Import Request.
  Time since last request: 289.799325 seconds.
  path: Assets/Resources/Prefabs/PrefabPatternB.prefab
  artifactKey: Guid(d48451eebad959443be2e61c92073395) Importer(815301076,1909f56bfc062723c751e8b465ee728b)
Start importing Assets/Resources/Prefabs/PrefabPatternB.prefab using Guid(d48451eebad959443be2e61c92073395) Importer(815301076,1909f56bfc062723c751e8b465ee728b)  -> (artifact id: '4ac8fa15ec19b3d4c0c821ba9fefdccf') in 0.011352 seconds 
========================================================================
Received Import Request.
  Time since last request: 6.358121 seconds.
  path: Assets/Resources/Prefabs/Connections/conPink.prefab
  artifactKey: Guid(d4bba2fcc820ecc43ade2f0def383fac) Importer(815301076,1909f56bfc062723c751e8b465ee728b)
Start importing Assets/Resources/Prefabs/Connections/conPink.prefab using Guid(d4bba2fcc820ecc43ade2f0def383fac) Importer(815301076,1909f56bfc062723c751e8b465ee728b)  -> (artifact id: '6e73dc4bf4a492f86346e06c0d05815e') in 0.009663 seconds 
========================================================================
Received Import Request.
  Time since last request: 2.563478 seconds.
  path: Assets/Resources/Prefabs/Connections/conYellow.prefab
  artifactKey: Guid(ecc2f4bf90a53dd418022662cef22b38) Importer(815301076,1909f56bfc062723c751e8b465ee728b)
Start importing Assets/Resources/Prefabs/Connections/conYellow.prefab using Guid(ecc2f4bf90a53dd418022662cef22b38) Importer(815301076,1909f56bfc062723c751e8b465ee728b)  -> (artifact id: 'bbc1686c56a705e3006a4679481a8433') in 0.013722 seconds 
========================================================================
Received Import Request.
  Time since last request: 75.791965 seconds.
  path: Assets/Resources/Prefabs/Connections/conPink.prefab
  artifactKey: Guid(d4bba2fcc820ecc43ade2f0def383fac) Importer(815301076,1909f56bfc062723c751e8b465ee728b)
Start importing Assets/Resources/Prefabs/Connections/conPink.prefab using Guid(d4bba2fcc820ecc43ade2f0def383fac) Importer(815301076,1909f56bfc062723c751e8b465ee728b)  -> (artifact id: 'f65ea24fde9cbd08233eb3751525cb19') in 0.010053 seconds 
========================================================================
Received Import Request.
  Time since last request: 5.142331 seconds.
  path: Assets/Resources/Prefabs/Connections/conYellow.prefab
  artifactKey: Guid(ecc2f4bf90a53dd418022662cef22b38) Importer(815301076,1909f56bfc062723c751e8b465ee728b)
Start importing Assets/Resources/Prefabs/Connections/conYellow.prefab using Guid(ecc2f4bf90a53dd418022662cef22b38) Importer(815301076,1909f56bfc062723c751e8b465ee728b)  -> (artifact id: 'd5525568fc52dc56cae31c788aa4884a') in 0.008683 seconds 
========================================================================
Received Import Request.
  Time since last request: 13.836918 seconds.
  path: Assets/Resources/Prefabs/Connections/conPink.prefab
  artifactKey: Guid(d4bba2fcc820ecc43ade2f0def383fac) Importer(815301076,1909f56bfc062723c751e8b465ee728b)
Start importing Assets/Resources/Prefabs/Connections/conPink.prefab using Guid(d4bba2fcc820ecc43ade2f0def383fac) Importer(815301076,1909f56bfc062723c751e8b465ee728b)  -> (artifact id: '13cd832c8fad4ecca32c75238b5f231d') in 0.008590 seconds 
========================================================================
Received Import Request.
  Time since last request: 26.717512 seconds.
  path: Assets/Resources/Prefabs/Connections/conPink.prefab
  artifactKey: Guid(d4bba2fcc820ecc43ade2f0def383fac) Importer(815301076,1909f56bfc062723c751e8b465ee728b)
Start importing Assets/Resources/Prefabs/Connections/conPink.prefab using Guid(d4bba2fcc820ecc43ade2f0def383fac) Importer(815301076,1909f56bfc062723c751e8b465ee728b)  -> (artifact id: 'e62505fdc26805464a84b72ac3f94a08') in 0.009641 seconds 
========================================================================
Received Import Request.
  Time since last request: 4.375499 seconds.
  path: Assets/Resources/Prefabs/Connections/conYellow.prefab
  artifactKey: Guid(ecc2f4bf90a53dd418022662cef22b38) Importer(815301076,1909f56bfc062723c751e8b465ee728b)
Start importing Assets/Resources/Prefabs/Connections/conYellow.prefab using Guid(ecc2f4bf90a53dd418022662cef22b38) Importer(815301076,1909f56bfc062723c751e8b465ee728b)  -> (artifact id: '5da8b26005ce8a73cb8692e74c64dcf6') in 0.009771 seconds 
========================================================================
Received Import Request.
  Time since last request: 804.065728 seconds.
  path: Assets/Resources/Prefabs/PrefabPatternB.prefab
  artifactKey: Guid(d48451eebad959443be2e61c92073395) Importer(815301076,1909f56bfc062723c751e8b465ee728b)
Start importing Assets/Resources/Prefabs/PrefabPatternB.prefab using Guid(d48451eebad959443be2e61c92073395) Importer(815301076,1909f56bfc062723c751e8b465ee728b)  -> (artifact id: 'd3cb9b39d40d345b2023957282c85b1b') in 0.012039 seconds 
========================================================================
Received Import Request.
  Time since last request: 50.049083 seconds.
  path: Assets/Resources/Prefabs/Connections/conPink.prefab
  artifactKey: Guid(d4bba2fcc820ecc43ade2f0def383fac) Importer(815301076,1909f56bfc062723c751e8b465ee728b)
Start importing Assets/Resources/Prefabs/Connections/conPink.prefab using Guid(d4bba2fcc820ecc43ade2f0def383fac) Importer(815301076,1909f56bfc062723c751e8b465ee728b)  -> (artifact id: 'e8bc170ebb0242d35a83d6c20d260f07') in 0.016872 seconds 
